0 info it worked if it ends with ok
1 verbose cli [ '/usr/local/bin/node',
1 verbose cli   '/usr/local/bin/npm',
1 verbose cli   'install',
1 verbose cli   '-g',
1 verbose cli   'firebase' ]
2 info using npm@1.4.28
3 info using node@v0.10.33
4 verbose cache add [ 'firebase', null ]
5 verbose cache add name=undefined spec="firebase" args=["firebase",null]
6 verbose parsed url { protocol: null,
6 verbose parsed url   slashes: null,
6 verbose parsed url   auth: null,
6 verbose parsed url   host: null,
6 verbose parsed url   port: null,
6 verbose parsed url   hostname: null,
6 verbose parsed url   hash: null,
6 verbose parsed url   search: null,
6 verbose parsed url   query: null,
6 verbose parsed url   pathname: 'firebase',
6 verbose parsed url   path: 'firebase',
6 verbose parsed url   href: 'firebase' }
7 silly lockFile 92f5e8df-firebase firebase
8 verbose lock firebase /home/viraj/.npm/92f5e8df-firebase.lock
9 silly lockFile 92f5e8df-firebase firebase
10 silly lockFile 92f5e8df-firebase firebase
11 verbose addNamed [ 'firebase', '' ]
12 verbose addNamed [ null, '*' ]
13 silly lockFile 2bddc103-firebase firebase@
14 verbose lock firebase@ /home/viraj/.npm/2bddc103-firebase.lock
15 silly addNameRange { name: 'firebase', range: '*', hasData: false }
16 verbose request where is /firebase
17 verbose request registry https://registry.npmjs.org/
18 verbose request id dc2c3dd9cfa5ce0c
19 verbose url raw /firebase
20 verbose url resolving [ 'https://registry.npmjs.org/', './firebase' ]
21 verbose url resolved https://registry.npmjs.org/firebase
22 verbose request where is https://registry.npmjs.org/firebase
23 info trying registry request attempt 1 at 15:37:28
24 http GET https://registry.npmjs.org/firebase
25 http 200 https://registry.npmjs.org/firebase
26 silly registry.get cb [ 200,
26 silly registry.get   { date: 'Sun, 30 Nov 2014 20:37:28 GMT',
26 silly registry.get     server: 'CouchDB/1.5.0 (Erlang OTP/R16B03)',
26 silly registry.get     etag: '"99KULL3D828MPQ7DAI9V1ZPMY"',
26 silly registry.get     'content-type': 'application/json',
26 silly registry.get     'cache-control': 'max-age=60',
26 silly registry.get     'content-length': '50198',
26 silly registry.get     'accept-ranges': 'bytes',
26 silly registry.get     via: '1.1 varnish',
26 silly registry.get     age: '0',
26 silly registry.get     'x-served-by': 'cache-jfk1024-JFK',
26 silly registry.get     'x-cache': 'MISS',
26 silly registry.get     'x-cache-hits': '0',
26 silly registry.get     'x-timer': 'S1417379848.343352,VS0,VE20',
26 silly registry.get     vary: 'Accept',
26 silly registry.get     'keep-alive': 'timeout=10, max=50',
26 silly registry.get     connection: 'Keep-Alive' } ]
27 silly addNameRange number 2 { name: 'firebase', range: '*', hasData: true }
28 silly addNameRange versions [ 'firebase',
28 silly addNameRange   [ '0.0.0',
28 silly addNameRange     '0.5.0',
28 silly addNameRange     '0.5.1',
28 silly addNameRange     '0.5.2',
28 silly addNameRange     '0.5.3',
28 silly addNameRange     '0.5.4',
28 silly addNameRange     '0.6.0',
28 silly addNameRange     '0.6.1',
28 silly addNameRange     '0.6.2',
28 silly addNameRange     '0.6.3',
28 silly addNameRange     '0.6.4',
28 silly addNameRange     '0.6.5',
28 silly addNameRange     '0.6.6',
28 silly addNameRange     '0.6.7',
28 silly addNameRange     '0.6.8',
28 silly addNameRange     '0.6.9',
28 silly addNameRange     '0.6.10',
28 silly addNameRange     '0.6.11',
28 silly addNameRange     '0.6.14',
28 silly addNameRange     '0.6.15',
28 silly addNameRange     '0.6.16',
28 silly addNameRange     '0.6.17',
28 silly addNameRange     '0.6.19',
28 silly addNameRange     '0.6.21',
28 silly addNameRange     '0.6.22',
28 silly addNameRange     '1.0.1',
28 silly addNameRange     '1.0.1-npm',
28 silly addNameRange     '1.0.2',
28 silly addNameRange     '1.0.3',
28 silly addNameRange     '1.0.4',
28 silly addNameRange     '1.0.5',
28 silly addNameRange     '1.0.10',
28 silly addNameRange     '1.0.10-2',
28 silly addNameRange     '1.0.11',
28 silly addNameRange     '1.0.12',
28 silly addNameRange     '1.0.13',
28 silly addNameRange     '1.0.14',
28 silly addNameRange     '1.0.15',
28 silly addNameRange     '1.0.15-2',
28 silly addNameRange     '1.0.15-3',
28 silly addNameRange     '1.0.17',
28 silly addNameRange     '1.0.18',
28 silly addNameRange     '1.0.19',
28 silly addNameRange     '1.0.20',
28 silly addNameRange     '1.0.21',
28 silly addNameRange     '1.0.23',
28 silly addNameRange     '1.0.24',
28 silly addNameRange     '1.1.0',
28 silly addNameRange     '1.1.1',
28 silly addNameRange     '1.1.2',
28 silly addNameRange     '1.2.0-beta.1-0',
28 silly addNameRange     '1.2.0-beta.2',
28 silly addNameRange     '1.1.3',
28 silly addNameRange     '1.2.0-beta.3',
28 silly addNameRange     '2.0.0',
28 silly addNameRange     '2.0.1',
28 silly addNameRange     '2.0.2',
28 silly addNameRange     '2.0.3',
28 silly addNameRange     '2.0.4',
28 silly addNameRange     '2.0.5' ] ]
29 verbose addNamed [ 'firebase', '2.0.5' ]
30 verbose addNamed [ '2.0.5', '2.0.5' ]
31 silly lockFile dd5ad3ee-firebase-2-0-5 firebase@2.0.5
32 verbose lock firebase@2.0.5 /home/viraj/.npm/dd5ad3ee-firebase-2-0-5.lock
33 silly lockFile 737f5221--org-firebase-firebase-2-0-5-tgz https://registry.npmjs.org/firebase/-/firebase-2.0.5.tgz
34 verbose lock https://registry.npmjs.org/firebase/-/firebase-2.0.5.tgz /home/viraj/.npm/737f5221--org-firebase-firebase-2-0-5-tgz.lock
35 verbose addRemoteTarball [ 'https://registry.npmjs.org/firebase/-/firebase-2.0.5.tgz',
35 verbose addRemoteTarball   '98514624e11b7829a4486c34089cb9ea149662c6' ]
36 info retry fetch attempt 1 at 15:37:28
37 verbose fetch to= /tmp/npm-9075-_Cs-IAzj/registry.npmjs.org/firebase/-/firebase-2.0.5.tgz
38 http GET https://registry.npmjs.org/firebase/-/firebase-2.0.5.tgz
39 http 200 https://registry.npmjs.org/firebase/-/firebase-2.0.5.tgz
40 silly lockFile 737f5221--org-firebase-firebase-2-0-5-tgz https://registry.npmjs.org/firebase/-/firebase-2.0.5.tgz
41 silly lockFile 737f5221--org-firebase-firebase-2-0-5-tgz https://registry.npmjs.org/firebase/-/firebase-2.0.5.tgz
42 silly lockFile dd5ad3ee-firebase-2-0-5 firebase@2.0.5
43 silly lockFile dd5ad3ee-firebase-2-0-5 firebase@2.0.5
44 silly lockFile 2bddc103-firebase firebase@
45 silly lockFile 2bddc103-firebase firebase@
46 silly resolved [ { author: { name: 'Firebase' },
46 silly resolved     email: 'operations@firebase.com',
46 silly resolved     name: 'firebase',
46 silly resolved     description: 'Firebase library for Node.js',
46 silly resolved     version: '2.0.5',
46 silly resolved     main: './lib/firebase-node.js',
46 silly resolved     browser: './lib/firebase-web.js',
46 silly resolved     scripts: { test: 'echo "Error: no test specified" && exit 1' },
46 silly resolved     keywords: [ 'Firebase', 'synchronization', 'real-time', 'websocket' ],
46 silly resolved     dependencies: { 'faye-websocket': '>=0.6.0' },
46 silly resolved     repository: { type: 'none', url: 'https://www.firebase.com/' },
46 silly resolved     _id: 'firebase@2.0.5',
46 silly resolved     _shasum: '98514624e11b7829a4486c34089cb9ea149662c6',
46 silly resolved     _from: 'firebase@',
46 silly resolved     _npmVersion: '1.4.23',
46 silly resolved     _npmUser: { name: 'firebase', email: 'operations@firebase.com' },
46 silly resolved     maintainers: [ [Object] ],
46 silly resolved     dist:
46 silly resolved      { shasum: '98514624e11b7829a4486c34089cb9ea149662c6',
46 silly resolved        tarball: 'http://registry.npmjs.org/firebase/-/firebase-2.0.5.tgz' },
46 silly resolved     directories: {},
46 silly resolved     _resolved: 'https://registry.npmjs.org/firebase/-/firebase-2.0.5.tgz' } ]
47 info install firebase@2.0.5 into /usr/local/lib
48 info installOne firebase@2.0.5
49 verbose lib/node_modules/firebase unbuild
50 verbose tar unpack /home/viraj/.npm/firebase/2.0.5/package.tgz
51 silly lockFile 4da48cdc--local-lib-node-modules-firebase tar:///usr/local/lib/node_modules/firebase
52 verbose lock tar:///usr/local/lib/node_modules/firebase /home/viraj/.npm/4da48cdc--local-lib-node-modules-firebase.lock
53 silly lockFile 5c4cbbb7-j-npm-firebase-2-0-5-package-tgz tar:///home/viraj/.npm/firebase/2.0.5/package.tgz
54 verbose lock tar:///home/viraj/.npm/firebase/2.0.5/package.tgz /home/viraj/.npm/5c4cbbb7-j-npm-firebase-2-0-5-package-tgz.lock
55 silly gunzTarPerm modes [ '775', '664' ]
56 error Error: EACCES, mkdir '/usr/local/lib/node_modules/firebase'
56 error  { [Error: EACCES, mkdir '/usr/local/lib/node_modules/firebase']
56 error   errno: 3,
56 error   code: 'EACCES',
56 error   path: '/usr/local/lib/node_modules/firebase',
56 error   fstream_type: 'Directory',
56 error   fstream_path: '/usr/local/lib/node_modules/firebase',
56 error   fstream_class: 'DirWriter',
56 error   fstream_stack:
56 error    [ '/usr/local/lib/node_modules/npm/node_modules/fstream/lib/dir-writer.js:36:23',
56 error      '/usr/local/lib/node_modules/npm/node_modules/mkdirp/index.js:46:53',
56 error      'Object.oncomplete (fs.js:107:15)' ] }
57 error Please try running this command again as root/Administrator.
58 error System Linux 3.13.0-37-generic
59 error command "/usr/local/bin/node" "/usr/local/bin/npm" "install" "-g" "firebase"
60 error cwd /home/viraj/wire-server/nodeServer
61 error node -v v0.10.33
62 error npm -v 1.4.28
63 error path /usr/local/lib/node_modules/firebase
64 error fstream_path /usr/local/lib/node_modules/firebase
65 error fstream_type Directory
66 error fstream_class DirWriter
67 error code EACCES
68 error errno 3
69 error stack Error: EACCES, mkdir '/usr/local/lib/node_modules/firebase'
70 error fstream_stack /usr/local/lib/node_modules/npm/node_modules/fstream/lib/dir-writer.js:36:23
70 error fstream_stack /usr/local/lib/node_modules/npm/node_modules/mkdirp/index.js:46:53
70 error fstream_stack Object.oncomplete (fs.js:107:15)
71 verbose exit [ 3, true ]
