Starting server as: prod
Authenticated Admin
Started Friend Sync
Starting Push Server
detected new userId (syncing friends):  -JccAtC2cCeH2zzc_sdP
Syncing Friends For -JccAtC2cCeH2zzc_sdP
detected new userId (syncing friends):  -JccFAFEKQNxc2bZNqXO
Syncing Friends For -JccFAFEKQNxc2bZNqXO
detected new userId (syncing friends):  -JcjxXZtBSh8PkNhxZtp
Syncing Friends For -JcjxXZtBSh8PkNhxZtp
detected new userId (syncing friends):  -JcjynsrxqTTZavU_Nv0
Syncing Friends For -JcjynsrxqTTZavU_Nv0
found mention of  @a 
sending push notification: @mitchymac mentioned you in a status
detected new userId (syncing friends):  -JcjzEYDLctDK8A1CbFY
Syncing Friends For undefined
detected new userId (syncing friends):  undefined
failed to sync friends for:  undefined
found mention of  @mitchymac 
sending push notification: @a mentioned you in a status
found mention of  @a 
sending push notification: @mitchymac mentioned you in a status
detected new userId (syncing friends):  -JckEr0_8aPZveMWd1q5
Syncing Friends For -JckEr0_8aPZveMWd1q5
found mention of  @a 
sending push notification: @MensEtManus mentioned you in a status
found mention of  @MensEtManus 
sending push notification: @a mentioned you in a status
detected new userId (syncing friends):  -JckePEU29vjY8K_7zvH
Syncing Friends For -JckePEU29vjY8K_7zvH
detected new userId (syncing friends):  -JcksjTgxyc7R804od_w
Syncing Friends For -JcksjTgxyc7R804od_w
found mention of  @cywhitten 
sending push notification: @cywhitten mentioned you in a status
detected new userId (syncing friends):  -JclVw5YOuzGBGrE4ICt
Syncing Friends For -JclVw5YOuzGBGrE4ICt
found mention of  @v 
sending push notification: @s mentioned you in a status
detected new userId (syncing friends):  -JclfIo70Car5S1Jtkbt
Syncing Friends For -JclfIo70Car5S1Jtkbt
found mention of  @s 
sending push notification: @e mentioned you in a status
found mention of  @e 
sending push notification: @s mentioned you in a status
detected new userId (syncing friends):  -JcpKKYAxwTlccxtMcHi
Syncing Friends For undefined
detected new userId (syncing friends):  -JcpMZSMmMlG50MgB53p
Syncing Friends For -JcpMZSMmMlG50MgB53p
detected new userId (syncing friends):  -JcsbedWbfhlcVy4P37d
Syncing Friends For -JcsbedWbfhlcVy4P37d
Starting server as: prod
Authenticated Admin
Started Friend Sync
Starting Status Mentions Push Server
Likes Push Server
detected new userId (syncing friends):  -JccAtC2cCeH2zzc_sdP
detected new userId (syncing friends):  -JccFAFEKQNxc2bZNqXO
detected new userId (syncing friends):  -JcjxXZtBSh8PkNhxZtp
detected new userId (syncing friends):  -JcjynsrxqTTZavU_Nv0
detected new userId (syncing friends):  -JcjzEYDLctDK8A1CbFY
detected new userId (syncing friends):  -JckEr0_8aPZveMWd1q5
detected new userId (syncing friends):  -JckePEU29vjY8K_7zvH
detected new userId (syncing friends):  -JcksjTgxyc7R804od_w
detected new userId (syncing friends):  -JclVw5YOuzGBGrE4ICt
detected new userId (syncing friends):  -JclfIo70Car5S1Jtkbt
detected new userId (syncing friends):  -JcpKKYAxwTlccxtMcHi
detected new userId (syncing friends):  -JcpMZSMmMlG50MgB53p
detected new userId (syncing friends):  -JcsbedWbfhlcVy4P37d
found mention of  @a 
found mention of  @mitchymac 
found mention of  @a 
found mention of  @a 
found mention of  @MensEtManus 
found mention of  @cywhitten 
found mention of  @v 
found mention of  @s 
found mention of  @e 
Syncing Friends For -JcjxXZtBSh8PkNhxZtp
Syncing Friends For -JccFAFEKQNxc2bZNqXO
Syncing Friends For -JcjzEYDLctDK8A1CbFY
Syncing Friends For -JcjynsrxqTTZavU_Nv0
Syncing Friends For -JccAtC2cCeH2zzc_sdP
Syncing Friends For -JckEr0_8aPZveMWd1q5
Syncing Friends For -JclVw5YOuzGBGrE4ICt
Syncing Friends For -JcksjTgxyc7R804od_w
Syncing Friends For -JclfIo70Car5S1Jtkbt
Syncing Friends For -JckePEU29vjY8K_7zvH
Syncing Friends For -JcpKKYAxwTlccxtMcHi
Syncing Friends For -JcsbedWbfhlcVy4P37d
Syncing Friends For -JcpMZSMmMlG50MgB53p
Starting server as: prod
Authenticated Admin
Started Friend Sync
Starting Status Mentions Push Server
Likes Push Server
detected new userId (syncing friends):  -JccAtC2cCeH2zzc_sdP
detected new userId (syncing friends):  -JccFAFEKQNxc2bZNqXO
detected new userId (syncing friends):  -JcjxXZtBSh8PkNhxZtp
detected new userId (syncing friends):  -JcjynsrxqTTZavU_Nv0
detected new userId (syncing friends):  -JcjzEYDLctDK8A1CbFY
detected new userId (syncing friends):  -JckEr0_8aPZveMWd1q5
detected new userId (syncing friends):  -JckePEU29vjY8K_7zvH
detected new userId (syncing friends):  -JcksjTgxyc7R804od_w
detected new userId (syncing friends):  -JclVw5YOuzGBGrE4ICt
detected new userId (syncing friends):  -JclfIo70Car5S1Jtkbt
detected new userId (syncing friends):  -JcpKKYAxwTlccxtMcHi
detected new userId (syncing friends):  -JcpMZSMmMlG50MgB53p
detected new userId (syncing friends):  -JcsbedWbfhlcVy4P37d
found mention of  @a 
found mention of  @mitchymac 
found mention of  @a 
found mention of  @a 
found mention of  @MensEtManus 
found mention of  @cywhitten 
found mention of  @v 
found mention of  @s 
found mention of  @e 
Syncing Friends For -JcjxXZtBSh8PkNhxZtp
Syncing Friends For -JccFAFEKQNxc2bZNqXO
Syncing Friends For -JccAtC2cCeH2zzc_sdP
Syncing Friends For -JcjzEYDLctDK8A1CbFY
Syncing Friends For -JckEr0_8aPZveMWd1q5
Syncing Friends For -JcjynsrxqTTZavU_Nv0
Syncing Friends For -JclVw5YOuzGBGrE4ICt
Syncing Friends For -JcksjTgxyc7R804od_w
Syncing Friends For -JclfIo70Car5S1Jtkbt
Syncing Friends For -JcpKKYAxwTlccxtMcHi
Syncing Friends For -JckePEU29vjY8K_7zvH
Syncing Friends For -JcpMZSMmMlG50MgB53p
Syncing Friends For -JcsbedWbfhlcVy4P37d
